{"numFailedTestSuites":1,"numFailedTests":4,"numPassedTestSuites":17,"numPassedTests":149,"numPendingTestSuites":0,"numPendingTests":0,"numRuntimeErrorTestSuites":0,"numTodoTests":0,"numTotalTestSuites":18,"numTotalTests":153,"openHandles":[],"snapshot":{"added":0,"didUpdate":false,"failure":false,"filesAdded":0,"filesRemoved":0,"filesRemovedList":[],"filesUnmatched":0,"filesUpdated":0,"matched":0,"total":0,"unchecked":0,"uncheckedKeysByFile":[],"unmatched":0,"updated":0},"startTime":1787636397228,"success":false,"testResults":[{"assertionResults":[{"ancestorTitles":["ConversationOrchestrator inbound replies"],"duration":6,"failing":false,"failureDetails":[],"failureMessages":[],"fullName":"ConversationOrchestrator inbound replies schedules automation for an eligible incoming reply","invocations":1,"location":null,"numPassingAsserts":1,"retryReasons":[],"startAt":1787636398574,"status":"passed","title":"schedules automation for an eligible incoming reply"},{"ancestorTitles":["ConversationOrchestrator inbound replies"],"duration":2,"failing":false,"failureDetails":[],"failureMessages":[],"fullName":"ConversationOrchestrator inbound replies marks CampaignTarget ERROR when first-message AI returns INVALID_OUTPUT","invocations":1,"location":null,"numPassingAsserts":3,"retryReasons":[],"startAt":1787636398581,"status":"passed","title":"marks CampaignTarget ERROR when first-message AI returns INVALID_OUTPUT"},{"ancestorTitles":["ConversationOrchestrator inbound replies"],"duration":2,"failing":false,"failureDetails":[],"failureMessages":[],"fullName":"ConversationOrchestrator inbound replies registers the inbound callback and schedules exactly one reply job","invocations":1,"location":null,"numPassingAsserts":3,"retryReasons":[],"startAt":1787636398583,"status":"passed","title":"registers the inbound callback and schedules exactly one reply job"},{"ancestorTitles":["ConversationOrchestrator inbound replies"],"duration":1,"failing":false,"failureDetails":[],"failureMessages":[],"fullName":"ConversationOrchestrator inbound replies records the exact handoff skip reason without enqueueing","invocations":1,"location":null,"numPassingAsserts":2,"retryReasons":[],"startAt":1787636398585,"status":"passed","title":"records the exact handoff skip reason without enqueueing"},{"ancestorTitles":["ConversationOrchestrator inbound replies"],"duration":1,"failing":false,"failureDetails":[],"failureMessages":[],"fullName":"ConversationOrchestrator inbound replies does not run AI for terminal conversation QUALIFIED","invocations":1,"location":null,"numPassingAsserts":3,"retryReasons":[],"startAt":1787636398586,"status":"passed","title":"does not run AI for terminal conversation QUALIFIED"},{"ancestorTitles":["ConversationOrchestrator inbound replies"],"duration":1,"failing":false,"failureDetails":[],"failureMessages":[],"fullName":"ConversationOrchestrator inbound replies does not run AI for terminal conversation REJECTED","invocations":1,"location":null,"numPassingAsserts":3,"retryReasons":[],"startAt":1787636398587,"status":"passed","title":"does not run AI for terminal conversation REJECTED"},{"ancestorTitles":["ConversationOrchestrator inbound replies"],"duration":1,"failing":false,"failureDetails":[],"failureMessages":[],"fullName":"ConversationOrchestrator inbound replies does not run AI for terminal conversation CLOSED","invocations":1,"location":null,"numPassingAsserts":3,"retryReasons":[],"startAt":1787636398588,"status":"passed","title":"does not run AI for terminal conversation CLOSED"},{"ancestorTitles":["ConversationOrchestrator inbound replies"],"duration":1,"failing":false,"failureDetails":[],"failureMessages":[],"fullName":"ConversationOrchestrator inbound replies preserves the Campaign strategy on an existing conversation","invocations":1,"location":null,"numPassingAsserts":1,"retryReasons":[],"startAt":1787636398589,"status":"passed","title":"preserves the Campaign strategy on an existing conversation"},{"ancestorTitles":["ConversationOrchestrator inbound replies"],"duration":1,"failing":false,"failureDetails":[{}],"failureMessages":["TypeError: this.messages.findUnprocessedClients is not a function\n    at ConversationOrchestratorService.processIncomingClientMessage (C:\\Users\\Zapis_Prog\\zapis-ai-sales-assistant\\src\\automation\\conversation-orchestrator.service.ts:410:53)\n    at Object.<anonymous> (C:\\Users\\Zapis_Prog\\zapis-ai-sales-assistant\\src\\automation\\conversation-orchestrator.inbound.spec.ts:308:5)"],"fullName":"ConversationOrchestrator inbound replies uses follow-up processing rather than generating another first message","invocations":1,"location":null,"numPassingAsserts":0,"retryReasons":[],"startAt":1787636398590,"status":"failed","title":"uses follow-up processing rather than generating another first message"},{"ancestorTitles":["ConversationOrchestrator inbound replies"],"duration":1,"failing":false,"failureDetails":[{}],"failureMessages":["TypeError: this.messages.findUnprocessedClients is not a function\n    at ConversationOrchestratorService.processIncomingClientMessage (C:\\Users\\Zapis_Prog\\zapis-ai-sales-assistant\\src\\automation\\conversation-orchestrator.service.ts:410:53)\n    at Object.<anonymous> (C:\\Users\\Zapis_Prog\\zapis-ai-sales-assistant\\src\\automation\\conversation-orchestrator.inbound.spec.ts:332:5)"],"fullName":"ConversationOrchestrator inbound replies retries a saved AI follow-up without calling AI again","invocations":1,"location":null,"numPassingAsserts":0,"retryReasons":[],"startAt":1787636398592,"status":"failed","title":"retries a saved AI follow-up without calling AI again"},{"ancestorTitles":["ConversationOrchestrator inbound replies"],"duration":4,"failing":false,"failureDetails":[{"matcherResult":{"message":"\u001b[2mexpect(\u001b[22m\u001b[31mreceived\u001b[39m\u001b[2m).\u001b[22mrejects\u001b[2m.\u001b[22mtoMatchObject\u001b[2m(\u001b[22m\u001b[32mexpected\u001b[39m\u001b[2m)\u001b[22m\n\n\u001b[32m- Expected  - 4\u001b[39m\n\u001b[31m+ Received  + 1\u001b[39m\n\n\u001b[32m- Object {\u001b[39m\n\u001b[32m-   \"code\": \"WHATSAPP_SEND_OUTCOME_UNKNOWN\",\u001b[39m\n\u001b[32m-   \"kind\": \"TERMINAL\",\u001b[39m\n\u001b[32m- }\u001b[39m\n\u001b[31m+ [TypeError: this.messages.findUnprocessedClients is not a function]\u001b[39m","pass":false},"message":"\u001b[2mexpect(\u001b[22m\u001b[31mreceived\u001b[39m\u001b[2m).\u001b[22mrejects\u001b[2m.\u001b[22mtoMatchObject\u001b[2m(\u001b[22m\u001b[32mexpected\u001b[39m\u001b[2m)\u001b[22m\n\n\u001b[32m- Expected  - 4\u001b[39m\n\u001b[31m+ Received  + 1\u001b[39m\n\n\u001b[32m- Object {\u001b[39m\n\u001b[32m-   \"code\": \"WHATSAPP_SEND_OUTCOME_UNKNOWN\",\u001b[39m\n\u001b[32m-   \"kind\": \"TERMINAL\",\u001b[39m\n\u001b[32m- }\u001b[39m\n\u001b[31m+ [TypeError: this.messages.findUnprocessedClients is not a function]\u001b[39m"}],"failureMessages":["Error: \u001b[2mexpect(\u001b[22m\u001b[31mreceived\u001b[39m\u001b[2m).\u001b[22mrejects\u001b[2m.\u001b[22mtoMatchObject\u001b[2m(\u001b[22m\u001b[32mexpected\u001b[39m\u001b[2m)\u001b[22m\n\n\u001b[32m- Expected  - 4\u001b[39m\n\u001b[31m+ Received  + 1\u001b[39m\n\n\u001b[32m- Object {\u001b[39m\n\u001b[32m-   \"code\": \"WHATSAPP_SEND_OUTCOME_UNKNOWN\",\u001b[39m\n\u001b[32m-   \"kind\": \"TERMINAL\",\u001b[39m\n\u001b[32m- }\u001b[39m\n\u001b[31m+ [TypeError: this.messages.findUnprocessedClients is not a function]\u001b[39m\n    at Object.toMatchObject (C:\\Users\\Zapis_Prog\\zapis-ai-sales-assistant\\node_modules\\expect\\build\\index.js:2155:20)\n    at Object.<anonymous> (C:\\Users\\Zapis_Prog\\zapis-ai-sales-assistant\\src\\automation\\conversation-orchestrator.inbound.spec.ts:349:15)\n    at Promise.finally.completed (C:\\Users\\Zapis_Prog\\zapis-ai-sales-assistant\\node_modules\\jest-circus\\build\\jestAdapterInit.js:1561:28)\n    at new Promise (<anonymous>)\n    at callAsyncCircusFn (C:\\Users\\Zapis_Prog\\zapis-ai-sales-assistant\\node_modules\\jest-circus\\build\\jestAdapterInit.js:1501:10)\n    at _callCircusTest (C:\\Users\\Zapis_Prog\\zapis-ai-sales-assistant\\node_modules\\jest-circus\\build\\jestAdapterInit.js:1011:40)\n    at _runTest (C:\\Users\\Zapis_Prog\\zapis-ai-sales-assistant\\node_modules\\jest-circus\\build\\jestAdapterInit.js:951:3)\n    at C:\\Users\\Zapis_Prog\\zapis-ai-sales-assistant\\node_modules\\jest-circus\\build\\jestAdapterInit.js:853:7\n    at _runTestsForDescribeBlock (C:\\Users\\Zapis_Prog\\zapis-ai-sales-assistant\\node_modules\\jest-circus\\build\\jestAdapterInit.js:866:11)\n    at _runTestsForDescribeBlock (C:\\Users\\Zapis_Prog\\zapis-ai-sales-assistant\\node_modules\\jest-circus\\build\\jestAdapterInit.js:861:11)\n    at run (C:\\Users\\Zapis_Prog\\zapis-ai-sales-assistant\\node_modules\\jest-circus\\build\\jestAdapterInit.js:765:3)\n    at runAndTransformResultsToJestFormat (C:\\Users\\Zapis_Prog\\zapis-ai-sales-assistant\\node_modules\\jest-circus\\build\\jestAdapterInit.js:1993:21)\n    at jestAdapter (C:\\Users\\Zapis_Prog\\zapis-ai-sales-assistant\\node_modules\\jest-circus\\build\\runner.js:111:19)\n    at runTestInternal (C:\\Users\\Zapis_Prog\\zapis-ai-sales-assistant\\node_modules\\jest-runner\\build\\index.js:276:16)\n    at runTest (C:\\Users\\Zapis_Prog\\zapis-ai-sales-assistant\\node_modules\\jest-runner\\build\\index.js:344:7)"],"fullName":"ConversationOrchestrator inbound replies does not automatically retry an ambiguous WhatsApp send","invocations":1,"location":null,"numPassingAsserts":0,"retryReasons":[],"startAt":1787636398593,"status":"failed","title":"does not automatically retry an ambiguous WhatsApp send"},{"ancestorTitles":["ConversationOrchestrator inbound replies"],"duration":1,"failing":false,"failureDetails":[{"matcherResult":{"message":"\u001b[2mexpect(\u001b[22m\u001b[31mreceived\u001b[39m\u001b[2m).\u001b[22mrejects\u001b[2m.\u001b[22mtoMatchObject\u001b[2m(\u001b[22m\u001b[32mexpected\u001b[39m\u001b[2m)\u001b[22m\n\n\u001b[32m- Expected  - 3\u001b[39m\n\u001b[31m+ Received  + 1\u001b[39m\n\n\u001b[32m- Object {\u001b[39m\n\u001b[32m-   \"code\": \"WHATSAPP_SEND_OUTCOME_UNKNOWN\",\u001b[39m\n\u001b[32m- }\u001b[39m\n\u001b[31m+ [TypeError: this.messages.findUnprocessedClients is not a function]\u001b[39m","pass":false},"message":"\u001b[2mexpect(\u001b[22m\u001b[31mreceived\u001b[39m\u001b[2m).\u001b[22mrejects\u001b[2m.\u001b[22mtoMatchObject\u001b[2m(\u001b[22m\u001b[32mexpected\u001b[39m\u001b[2m)\u001b[22m\n\n\u001b[32m- Expected  - 3\u001b[39m\n\u001b[31m+ Received  + 1\u001b[39m\n\n\u001b[32m- Object {\u001b[39m\n\u001b[32m-   \"code\": \"WHATSAPP_SEND_OUTCOME_UNKNOWN\",\u001b[39m\n\u001b[32m- }\u001b[39m\n\u001b[31m+ [TypeError: this.messages.findUnprocessedClients is not a function]\u001b[39m"}],"failureMessages":["Error: \u001b[2mexpect(\u001b[22m\u001b[31mreceived\u001b[39m\u001b[2m).\u001b[22mrejects\u001b[2m.\u001b[22mtoMatchObject\u001b[2m(\u001b[22m\u001b[32mexpected\u001b[39m\u001b[2m)\u001b[22m\n\n\u001b[32m- Expected  - 3\u001b[39m\n\u001b[31m+ Received  + 1\u001b[39m\n\n\u001b[32m- Object {\u001b[39m\n\u001b[32m-   \"code\": \"WHATSAPP_SEND_OUTCOME_UNKNOWN\",\u001b[39m\n\u001b[32m- }\u001b[39m\n\u001b[31m+ [TypeError: this.messages.findUnprocessedClients is not a function]\u001b[39m\n    at Object.toMatchObject (C:\\Users\\Zapis_Prog\\zapis-ai-sales-assistant\\node_modules\\expect\\build\\index.js:2155:20)\n    at Object.<anonymous> (C:\\Users\\Zapis_Prog\\zapis-ai-sales-assistant\\src\\automation\\conversation-orchestrator.inbound.spec.ts:372:15)\n    at Promise.finally.completed (C:\\Users\\Zapis_Prog\\zapis-ai-sales-assistant\\node_modules\\jest-circus\\build\\jestAdapterInit.js:1561:28)\n    at new Promise (<anonymous>)\n    at callAsyncCircusFn (C:\\Users\\Zapis_Prog\\zapis-ai-sales-assistant\\node_modules\\jest-circus\\build\\jestAdapterInit.js:1501:10)\n    at _callCircusTest (C:\\Users\\Zapis_Prog\\zapis-ai-sales-assistant\\node_modules\\jest-circus\\build\\jestAdapterInit.js:1011:40)\n    at _runTest (C:\\Users\\Zapis_Prog\\zapis-ai-sales-assistant\\node_modules\\jest-circus\\build\\jestAdapterInit.js:951:3)\n    at C:\\Users\\Zapis_Prog\\zapis-ai-sales-assistant\\node_modules\\jest-circus\\build\\jestAdapterInit.js:853:7\n    at _runTestsForDescribeBlock (C:\\Users\\Zapis_Prog\\zapis-ai-sales-assistant\\node_modules\\jest-circus\\build\\jestAdapterInit.js:866:11)\n    at _runTestsForDescribeBlock (C:\\Users\\Zapis_Prog\\zapis-ai-sales-assistant\\node_modules\\jest-circus\\build\\jestAdapterInit.js:861:11)\n    at run (C:\\Users\\Zapis_Prog\\zapis-ai-sales-assistant\\node_modules\\jest-circus\\build\\jestAdapterInit.js:765:3)\n    at runAndTransformResultsToJestFormat (C:\\Users\\Zapis_Prog\\zapis-ai-sales-assistant\\node_modules\\jest-circus\\build\\jestAdapterInit.js:1993:21)\n    at jestAdapter (C:\\Users\\Zapis_Prog\\zapis-ai-sales-assistant\\node_modules\\jest-circus\\build\\runner.js:111:19)\n    at runTestInternal (C:\\Users\\Zapis_Prog\\zapis-ai-sales-assistant\\node_modules\\jest-runner\\build\\index.js:276:16)\n    at runTest (C:\\Users\\Zapis_Prog\\zapis-ai-sales-assistant\\node_modules\\jest-runner\\build\\index.js:344:7)"],"fullName":"ConversationOrchestrator inbound replies persists qualification outcome before a WhatsApp transport failure","invocations":1,"location":null,"numPassingAsserts":0,"retryReasons":[],"startAt":1787636398599,"status":"failed","title":"persists qualification outcome before a WhatsApp transport failure"},{"ancestorTitles":["ConversationOrchestrator inbound replies"],"duration":4,"failing":false,"failureDetails":[],"failureMessages":[],"fullName":"ConversationOrchestrator inbound replies defers outside working hours by creating a real next-window job","invocations":1,"location":null,"numPassingAsserts":3,"retryReasons":[],"startAt":1787636398601,"status":"passed","title":"defers outside working hours by creating a real next-window job"},{"ancestorTitles":["ConversationOrchestrator inbound replies"],"duration":4,"failing":false,"failureDetails":[],"failureMessages":[],"fullName":"ConversationOrchestrator inbound replies deduplicates repeated deferred events so the reply is processed once","invocations":1,"location":null,"numPassingAsserts":3,"retryReasons":[],"startAt":1787636398605,"status":"passed","title":"deduplicates repeated deferred events so the reply is processed once"}],"endTime":1787636398637,"message":"\u001b[1m\u001b[31m  \u001b[1m● \u001b[22m\u001b[1mConversationOrchestrator inbound replies › uses follow-up processing rather than generating another first message\u001b[39m\u001b[22m\n\n    TypeError: this.messages.findUnprocessedClients is not a function\n\u001b[2m\u001b[22m\n\u001b[2m    \u001b[0m \u001b[90m 408 |\u001b[39m       \u001b[36mreturn\u001b[39m\u001b[33m;\u001b[39m\u001b[22m\n\u001b[2m     \u001b[90m 409 |\u001b[39m     }\u001b[22m\n\u001b[2m    \u001b[31m\u001b[1m>\u001b[22m\u001b[2m\u001b[39m\u001b[90m 410 |\u001b[39m     \u001b[36mconst\u001b[39m unprocessedMessages \u001b[33m=\u001b[39m \u001b[36mawait\u001b[39m \u001b[36mthis\u001b[39m\u001b[33m.\u001b[39mmessages\u001b[33m.\u001b[39mfindUnprocessedClients(\u001b[22m\n\u001b[2m     \u001b[90m     |\u001b[39m                                                     \u001b[31m\u001b[1m^\u001b[22m\u001b[2m\u001b[39m\u001b[22m\n\u001b[2m     \u001b[90m 411 |\u001b[39m       input\u001b[33m.\u001b[39mconversationId\u001b[33m,\u001b[39m\u001b[22m\n\u001b[2m     \u001b[90m 412 |\u001b[39m     )\u001b[33m;\u001b[39m\u001b[22m\n\u001b[2m     \u001b[90m 413 |\u001b[39m     \u001b[36mif\u001b[39m (unprocessedMessages\u001b[33m.\u001b[39mlength \u001b[33m===\u001b[39m \u001b[35m0\u001b[39m) {\u001b[0m\u001b[22m\n\u001b[2m\u001b[22m\n\u001b[2m      \u001b[2mat ConversationOrchestratorService.processIncomingClientMessage (\u001b[22m\u001b[2mautomation/conversation-orchestrator.service.ts\u001b[2m:410:53)\u001b[22m\u001b[2m\u001b[22m\n\u001b[2m      \u001b[2mat Object.<anonymous> (\u001b[22m\u001b[2m\u001b[0m\u001b[36mautomation/conversation-orchestrator.inbound.spec.ts\u001b[39m\u001b[0m\u001b[2m:308:5)\u001b[22m\u001b[2m\u001b[22m\n\n\u001b[1m\u001b[31m  \u001b[1m● \u001b[22m\u001b[1mConversationOrchestrator inbound replies › retries a saved AI follow-up without calling AI again\u001b[39m\u001b[22m\n\n    TypeError: this.messages.findUnprocessedClients is not a function\n\u001b[2m\u001b[22m\n\u001b[2m    \u001b[0m \u001b[90m 408 |\u001b[39m       \u001b[36mreturn\u001b[39m\u001b[33m;\u001b[39m\u001b[22m\n\u001b[2m     \u001b[90m 409 |\u001b[39m     }\u001b[22m\n\u001b[2m    \u001b[31m\u001b[1m>\u001b[22m\u001b[2m\u001b[39m\u001b[90m 410 |\u001b[39m     \u001b[36mconst\u001b[39m unprocessedMessages \u001b[33m=\u001b[39m \u001b[36mawait\u001b[39m \u001b[36mthis\u001b[39m\u001b[33m.\u001b[39mmessages\u001b[33m.\u001b[39mfindUnprocessedClients(\u001b[22m\n\u001b[2m     \u001b[90m     |\u001b[39m                                                     \u001b[31m\u001b[1m^\u001b[22m\u001b[2m\u001b[39m\u001b[22m\n\u001b[2m     \u001b[90m 411 |\u001b[39m       input\u001b[33m.\u001b[39mconversationId\u001b[33m,\u001b[39m\u001b[22m\n\u001b[2m     \u001b[90m 412 |\u001b[39m     )\u001b[33m;\u001b[39m\u001b[22m\n\u001b[2m     \u001b[90m 413 |\u001b[39m     \u001b[36mif\u001b[39m (unprocessedMessages\u001b[33m.\u001b[39mlength \u001b[33m===\u001b[39m \u001b[35m0\u001b[39m) {\u001b[0m\u001b[22m\n\u001b[2m\u001b[22m\n\u001b[2m      \u001b[2mat ConversationOrchestratorService.processIncomingClientMessage (\u001b[22m\u001b[2mautomation/conversation-orchestrator.service.ts\u001b[2m:410:53)\u001b[22m\u001b[2m\u001b[22m\n\u001b[2m      \u001b[2mat Object.<anonymous> (\u001b[22m\u001b[2m\u001b[0m\u001b[36mautomation/conversation-orchestrator.inbound.spec.ts\u001b[39m\u001b[0m\u001b[2m:332:5)\u001b[22m\u001b[2m\u001b[22m\n\n\u001b[1m\u001b[31m  \u001b[1m● \u001b[22m\u001b[1mConversationOrchestrator inbound replies › does not automatically retry an ambiguous WhatsApp send\u001b[39m\u001b[22m\n\n    \u001b[2mexpect(\u001b[22m\u001b[31mreceived\u001b[39m\u001b[2m).\u001b[22mrejects\u001b[2m.\u001b[22mtoMatchObject\u001b[2m(\u001b[22m\u001b[32mexpected\u001b[39m\u001b[2m)\u001b[22m\n\n    \u001b[32m- Expected  - 4\u001b[39m\n    \u001b[31m+ Received  + 1\u001b[39m\n\n    \u001b[32m- Object {\u001b[39m\n    \u001b[32m-   \"code\": \"WHATSAPP_SEND_OUTCOME_UNKNOWN\",\u001b[39m\n    \u001b[32m-   \"kind\": \"TERMINAL\",\u001b[39m\n    \u001b[32m- }\u001b[39m\n    \u001b[31m+ [TypeError: this.messages.findUnprocessedClients is not a function]\u001b[39m\n\u001b[2m\u001b[22m\n\u001b[2m    \u001b[0m \u001b[90m 347 |\u001b[39m     \u001b[36mawait\u001b[39m expect(\u001b[22m\n\u001b[2m     \u001b[90m 348 |\u001b[39m       service\u001b[33m.\u001b[39mprocessIncomingClientMessage(input)\u001b[33m,\u001b[39m\u001b[22m\n\u001b[2m    \u001b[31m\u001b[1m>\u001b[22m\u001b[2m\u001b[39m\u001b[90m 349 |\u001b[39m     )\u001b[33m.\u001b[39mrejects\u001b[33m.\u001b[39mtoMatchObject({\u001b[22m\n\u001b[2m     \u001b[90m     |\u001b[39m               \u001b[31m\u001b[1m^\u001b[22m\u001b[2m\u001b[39m\u001b[22m\n\u001b[2m     \u001b[90m 350 |\u001b[39m       code\u001b[33m:\u001b[39m \u001b[32m'WHATSAPP_SEND_OUTCOME_UNKNOWN'\u001b[39m\u001b[33m,\u001b[39m\u001b[22m\n\u001b[2m     \u001b[90m 351 |\u001b[39m       kind\u001b[33m:\u001b[39m \u001b[32m'TERMINAL'\u001b[39m\u001b[33m,\u001b[39m\u001b[22m\n\u001b[2m     \u001b[90m 352 |\u001b[39m     })\u001b[33m;\u001b[39m\u001b[0m\u001b[22m\n\u001b[2m\u001b[22m\n\u001b[2m      \u001b[2mat Object.toMatchObject (\u001b[22m\u001b[2m../node_modules/expect/build/index.js\u001b[2m:2155:20)\u001b[22m\u001b[2m\u001b[22m\n\u001b[2m      \u001b[2mat Object.<anonymous> (\u001b[22m\u001b[2m\u001b[0m\u001b[36mautomation/conversation-orchestrator.inbound.spec.ts\u001b[39m\u001b[0m\u001b[2m:349:15)\u001b[22m\u001b[2m\u001b[22m\n\n\u001b[1m\u001b[31m  \u001b[1m● \u001b[22m\u001b[1mConversationOrchestrator inbound replies › persists qualification outcome before a WhatsApp transport failure\u001b[39m\u001b[22m\n\n    \u001b[2mexpect(\u001b[22m\u001b[31mreceived\u001b[39m\u001b[2m).\u001b[22mrejects\u001b[2m.\u001b[22mtoMatchObject\u001b[2m(\u001b[22m\u001b[32mexpected\u001b[39m\u001b[2m)\u001b[22m\n\n    \u001b[32m- Expected  - 3\u001b[39m\n    \u001b[31m+ Received  + 1\u001b[39m\n\n    \u001b[32m- Object {\u001b[39m\n    \u001b[32m-   \"code\": \"WHATSAPP_SEND_OUTCOME_UNKNOWN\",\u001b[39m\n    \u001b[32m- }\u001b[39m\n    \u001b[31m+ [TypeError: this.messages.findUnprocessedClients is not a function]\u001b[39m\n\u001b[2m\u001b[22m\n\u001b[2m    \u001b[0m \u001b[90m 370 |\u001b[39m     \u001b[36mawait\u001b[39m expect(\u001b[22m\n\u001b[2m     \u001b[90m 371 |\u001b[39m       service\u001b[33m.\u001b[39mprocessIncomingClientMessage(input)\u001b[33m,\u001b[39m\u001b[22m\n\u001b[2m    \u001b[31m\u001b[1m>\u001b[22m\u001b[2m\u001b[39m\u001b[90m 372 |\u001b[39m     )\u001b[33m.\u001b[39mrejects\u001b[33m.\u001b[39mtoMatchObject({ code\u001b[33m:\u001b[39m \u001b[32m'WHATSAPP_SEND_OUTCOME_UNKNOWN'\u001b[39m })\u001b[33m;\u001b[39m\u001b[22m\n\u001b[2m     \u001b[90m     |\u001b[39m               \u001b[31m\u001b[1m^\u001b[22m\u001b[2m\u001b[39m\u001b[22m\n\u001b[2m     \u001b[90m 373 |\u001b[39m\u001b[22m\n\u001b[2m     \u001b[90m 374 |\u001b[39m     expect(campaigns\u001b[33m.\u001b[39mupdateTargetStatus)\u001b[33m.\u001b[39mtoHaveBeenCalledWith(\u001b[22m\n\u001b[2m     \u001b[90m 375 |\u001b[39m       \u001b[32m'campaign-1'\u001b[39m\u001b[33m,\u001b[39m\u001b[0m\u001b[22m\n\u001b[2m\u001b[22m\n\u001b[2m      \u001b[2mat Object.toMatchObject (\u001b[22m\u001b[2m../node_modules/expect/build/index.js\u001b[2m:2155:20)\u001b[22m\u001b[2m\u001b[22m\n\u001b[2m      \u001b[2mat Object.<anonymous> (\u001b[22m\u001b[2m\u001b[0m\u001b[36mautomation/conversation-orchestrator.inbound.spec.ts\u001b[39m\u001b[0m\u001b[2m:372:15)\u001b[22m\u001b[2m\u001b[22m\n","name":"C:\\Users\\Zapis_Prog\\zapis-ai-sales-assistant\\src\\automation\\conversation-orchestrator.inbound.spec.ts","startTime":1787636397474,"status":"failed","summary":""},{"assertionResults":[{"ancestorTitles":["WhatsAppClientService lifecycle"],"duration":8,"failing":false,"failureDetails":[],"failureMessages":[],"fullName":"WhatsAppClientService lifecycle coalesces repeated initialize calls into one client","invocations":1,"location":null,"numPassingAsserts":2,"retryReasons":[],"startAt":1787636398909,"status":"passed","title":"coalesces repeated initialize calls into one client"},{"ancestorTitles":["WhatsAppClientService lifecycle"],"duration":160,"failing":false,"failureDetails":[],"failureMessages":[],"fullName":"WhatsAppClientService lifecycle keeps initialization pending after QR","invocations":1,"location":null,"numPassingAsserts":3,"retryReasons":[],"startAt":1787636398917,"status":"passed","title":"keeps initialization pending after QR"},{"ancestorTitles":["WhatsAppClientService lifecycle"],"duration":127,"failing":false,"failureDetails":[],"failureMessages":[],"fullName":"WhatsAppClientService lifecycle returns from AUTH_FAILURE to QR_REQUIRED when a fresh QR arrives","invocations":1,"location":null,"numPassingAsserts":3,"retryReasons":[],"startAt":1787636399078,"status":"passed","title":"returns from AUTH_FAILURE to QR_REQUIRED when a fresh QR arrives"},{"ancestorTitles":["WhatsAppClientService lifecycle"],"duration":0,"failing":false,"failureDetails":[],"failureMessages":[],"fullName":"WhatsAppClientService lifecycle handles repeated ready idempotently","invocations":1,"location":null,"numPassingAsserts":1,"retryReasons":[],"startAt":1787636399206,"status":"passed","title":"handles repeated ready idempotently"},{"ancestorTitles":["WhatsAppClientService lifecycle"],"duration":0,"failing":false,"failureDetails":[],"failureMessages":[],"fullName":"WhatsAppClientService lifecycle transitions authenticated -> ready to a fully connected state","invocations":1,"location":null,"numPassingAsserts":3,"retryReasons":[],"startAt":1787636399207,"status":"passed","title":"transitions authenticated -> ready to a fully connected state"},{"ancestorTitles":["WhatsAppClientService lifecycle"],"duration":0,"failing":false,"failureDetails":[],"failureMessages":[],"fullName":"WhatsAppClientService lifecycle ignores authenticated events that arrive after ready","invocations":1,"location":null,"numPassingAsserts":2,"retryReasons":[],"startAt":1787636399208,"status":"passed","title":"ignores authenticated events that arrive after ready"},{"ancestorTitles":["WhatsAppClientService lifecycle"],"duration":0,"failing":false,"failureDetails":[],"failureMessages":[],"fullName":"WhatsAppClientService lifecycle resolves initialization immediately when ready is received","invocations":1,"location":null,"numPassingAsserts":1,"retryReasons":[],"startAt":1787636399209,"status":"passed","title":"resolves initialization immediately when ready is received"},{"ancestorTitles":["WhatsAppClientService lifecycle"],"duration":0,"failing":false,"failureDetails":[],"failureMessages":[],"fullName":"WhatsAppClientService lifecycle handles repeated disconnected idempotently","invocations":1,"location":null,"numPassingAsserts":1,"retryReasons":[],"startAt":1787636399210,"status":"passed","title":"handles repeated disconnected idempotently"},{"ancestorTitles":["WhatsAppClientService lifecycle"],"duration":1,"failing":false,"failureDetails":[],"failureMessages":[],"fullName":"WhatsAppClientService lifecycle serializes repeated reconnect calls","invocations":1,"location":null,"numPassingAsserts":2,"retryReasons":[],"startAt":1787636399211,"status":"passed","title":"serializes repeated reconnect calls"},{"ancestorTitles":["WhatsAppClientService lifecycle"],"duration":260,"failing":false,"failureDetails":[],"failureMessages":[],"fullName":"WhatsAppClientService lifecycle allows destroy during initialization without leaking the client","invocations":1,"location":null,"numPassingAsserts":2,"retryReasons":[],"startAt":1787636399212,"status":"passed","title":"allows destroy during initialization without leaking the client"},{"ancestorTitles":["WhatsAppClientService lifecycle"],"duration":1,"failing":false,"failureDetails":[],"failureMessages":[],"fullName":"WhatsAppClientService lifecycle clean shutdown closes Chromium without logging out or deleting LocalAuth","invocations":1,"location":null,"numPassingAsserts":4,"retryReasons":[],"startAt":1787636399473,"status":"passed","title":"clean shutdown closes Chromium without logging out or deleting LocalAuth"},{"ancestorTitles":["WhatsAppClientService lifecycle"],"duration":1,"failing":false,"failureDetails":[],"failureMessages":[],"fullName":"WhatsAppClientService lifecycle a new service generation restores a preserved LocalAuth session to READY","invocations":1,"location":null,"numPassingAsserts":1,"retryReasons":[],"startAt":1787636399474,"status":"passed","title":"a new service generation restores a preserved LocalAuth session to READY"},{"ancestorTitles":["WhatsAppClientService lifecycle"],"duration":263,"failing":false,"failureDetails":[],"failureMessages":[],"fullName":"WhatsAppClientService lifecycle moves auth failure to a terminal failed state","invocations":1,"location":null,"numPassingAsserts":2,"retryReasons":[],"startAt":1787636399475,"status":"passed","title":"moves auth failure to a terminal failed state"},{"ancestorTitles":["WhatsAppClientService lifecycle"],"duration":2,"failing":false,"failureDetails":[],"failureMessages":[],"fullName":"WhatsAppClientService lifecycle contains an initialize rejection and reports ERROR","invocations":1,"location":null,"numPassingAsserts":1,"retryReasons":[],"startAt":1787636399738,"status":"passed","title":"contains an initialize rejection and reports ERROR"},{"ancestorTitles":["WhatsAppClientService lifecycle"],"duration":14,"failing":false,"failureDetails":[],"failureMessages":[],"fullName":"WhatsAppClientService lifecycle bounds cleanup operations that never settle","invocations":1,"location":null,"numPassingAsserts":1,"retryReasons":[],"startAt":1787636399740,"status":"passed","title":"bounds cleanup operations that never settle"},{"ancestorTitles":["WhatsAppClientService lifecycle"],"duration":1,"failing":false,"failureDetails":[],"failureMessages":[],"fullName":"WhatsAppClientService lifecycle ignores late events from a destroyed generation","invocations":1,"location":null,"numPassingAsserts":2,"retryReasons":[],"startAt":1787636399754,"status":"passed","title":"ignores late events from a destroyed generation"},{"ancestorTitles":["WhatsAppClientService lifecycle"],"duration":270,"failing":false,"failureDetails":[],"failureMessages":[],"fullName":"WhatsAppClientService lifecycle replaces the old generation QR and never returns it","invocations":1,"location":null,"numPassingAsserts":3,"retryReasons":[],"startAt":1787636399755,"status":"passed","title":"replaces the old generation QR and never returns it"},{"ancestorTitles":["WhatsAppClientService lifecycle"],"duration":124,"failing":false,"failureDetails":[],"failureMessages":[],"fullName":"WhatsAppClientService lifecycle clears QR after READY","invocations":1,"location":null,"numPassingAsserts":1,"retryReasons":[],"startAt":1787636400026,"status":"passed","title":"clears QR after READY"},{"ancestorTitles":["WhatsAppClientService lifecycle"],"duration":0,"failing":false,"failureDetails":[],"failureMessages":[],"fullName":"WhatsAppClientService lifecycle keeps status and QR reads side-effect free","invocations":1,"location":null,"numPassingAsserts":1,"retryReasons":[],"startAt":1787636400150,"status":"passed","title":"keeps status and QR reads side-effect free"},{"ancestorTitles":["WhatsAppClientService lifecycle"],"duration":1,"failing":false,"failureDetails":[],"failureMessages":[],"fullName":"WhatsAppClientService lifecycle resolves a LID through the provider once and reuses the cache","invocations":1,"location":null,"numPassingAsserts":3,"retryReasons":[],"startAt":1787636400151,"status":"passed","title":"resolves a LID through the provider once and reuses the cache"}],"endTime":1787636400153,"message":"","name":"C:\\Users\\Zapis_Prog\\zapis-ai-sales-assistant\\src\\whatsapp\\whatsapp-client.service.spec.ts","startTime":1787636398649,"status":"passed","summary":""},{"assertionResults":[{"ancestorTitles":["AutomationWorkerService failure boundary"],"duration":3,"failing":false,"failureDetails":[],"failureMessages":[],"fullName":"AutomationWorkerService failure boundary contains an exhausted OpenAI timeout and can process the next campaign job","invocations":1,"location":null,"numPassingAsserts":6,"retryReasons":[],"startAt":1787636400551,"status":"passed","title":"contains an exhausted OpenAI timeout and can process the next campaign job"},{"ancestorTitles":["AutomationWorkerService failure boundary"],"duration":1,"failing":false,"failureDetails":[],"failureMessages":[],"fullName":"AutomationWorkerService failure boundary contains failure bookkeeping errors at the outer worker boundary","invocations":1,"location":null,"numPassingAsserts":3,"retryReasons":[],"startAt":1787636400555,"status":"passed","title":"contains failure bookkeeping errors at the outer worker boundary"},{"ancestorTitles":["AutomationWorkerService failure boundary"],"duration":1,"failing":false,"failureDetails":[],"failureMessages":[],"fullName":"AutomationWorkerService failure boundary contains a conversation reply timeout and leaves the worker alive","invocations":1,"location":null,"numPassingAsserts":2,"retryReasons":[],"startAt":1787636400556,"status":"passed","title":"contains a conversation reply timeout and leaves the worker alive"},{"ancestorTitles":["AutomationWorkerService failure boundary"],"duration":1,"failing":false,"failureDetails":[],"failureMessages":[],"fullName":"AutomationWorkerService failure boundary marks INVALID_OUTPUT terminal FAILED and processes the next campaign job","invocations":1,"location":null,"numPassingAsserts":2,"retryReasons":[],"startAt":1787636400557,"status":"passed","title":"marks INVALID_OUTPUT terminal FAILED and processes the next campaign job"},{"ancestorTitles":["AutomationWorkerService failure boundary"],"duration":0,"failing":false,"failureDetails":[],"failureMessages":[],"fullName":"AutomationWorkerService failure boundary contains INVALID_OUTPUT for CONVERSATION_REPLY","invocations":1,"location":null,"numPassingAsserts":1,"retryReasons":[],"startAt":1787636400558,"status":"passed","title":"contains INVALID_OUTPUT for CONVERSATION_REPLY"},{"ancestorTitles":["AutomationWorkerService failure boundary"],"duration":1,"failing":false,"failureDetails":[],"failureMessages":[],"fullName":"AutomationWorkerService failure boundary swallows a failure of both job bookkeeping layers without unhandledRejection","invocations":1,"location":null,"numPassingAsserts":2,"retryReasons":[],"startAt":1787636400559,"status":"passed","title":"swallows a failure of both job bookkeeping layers without unhandledRejection"},{"ancestorTitles":["AutomationWorkerService failure boundary"],"duration":0,"failing":false,"failureDetails":[],"failureMessages":[],"fullName":"AutomationWorkerService failure boundary contains an unexpected orchestrator error","invocations":1,"location":null,"numPassingAsserts":1,"retryReasons":[],"startAt":1787636400561,"status":"passed","title":"contains an unexpected orchestrator error"}],"endTime":1787636400562,"message":"","name":"C:\\Users\\Zapis_Prog\\zapis-ai-sales-assistant\\src\\automation\\automation-worker.service.spec.ts","startTime":1787636400158,"status":"passed","summary":""},{"assertionResults":[{"ancestorTitles":["OpenAiService latency policy"],"duration":110,"failing":false,"failureDetails":[],"failureMessages":[],"fullName":"OpenAiService latency policy performs at most one application retry for a transient timeout","invocations":1,"location":null,"numPassingAsserts":1,"retryReasons":[],"startAt":1787636400699,"status":"passed","title":"performs at most one application retry for a transient timeout"},{"ancestorTitles":["OpenAiService latency policy"],"duration":111,"failing":false,"failureDetails":[],"failureMessages":[],"fullName":"OpenAiService latency policy retries invalid structured output once and then fails boundedly","invocations":1,"location":null,"numPassingAsserts":1,"retryReasons":[],"startAt":1787636400809,"status":"passed","title":"retries invalid structured output once and then fails boundedly"},{"ancestorTitles":["AiConfigService conversational defaults"],"duration":1,"failing":false,"failureDetails":[],"failureMessages":[],"fullName":"AiConfigService conversational defaults uses a short timeout, one retry and bounded output","invocations":1,"location":null,"numPassingAsserts":4,"retryReasons":[],"startAt":1787636400920,"status":"passed","title":"uses a short timeout, one retry and bounded output"}],"endTime":1787636400922,"message":"","name":"C:\\Users\\Zapis_Prog\\zapis-ai-sales-assistant\\src\\ai\\open-ai.service.spec.ts","startTime":1787636400567,"status":"passed","summary":""},{"assertionResults":[{"ancestorTitles":["Contacts production contract"],"duration":1,"failing":false,"failureDetails":[],"failureMessages":[],"fullName":"Contacts production contract normalizes Kazakhstan phone 8 701 111 22 33","invocations":1,"location":null,"numPassingAsserts":1,"retryReasons":[],"startAt":1787636401181,"status":"passed","title":"normalizes Kazakhstan phone 8 701 111 22 33"},{"ancestorTitles":["Contacts production contract"],"duration":0,"failing":false,"failureDetails":[],"failureMessages":[],"fullName":"Contacts production contract normalizes Kazakhstan phone +7 701 111 22 33","invocations":1,"location":null,"numPassingAsserts":1,"retryReasons":[],"startAt":1787636401183,"status":"passed","title":"normalizes Kazakhstan phone +7 701 111 22 33"},{"ancestorTitles":["Contacts production contract"],"duration":0,"failing":false,"failureDetails":[],"failureMessages":[],"fullName":"Contacts production contract normalizes Kazakhstan phone 87011112233","invocations":1,"location":null,"numPassingAsserts":1,"retryReasons":[],"startAt":1787636401184,"status":"passed","title":"normalizes Kazakhstan phone 87011112233"},{"ancestorTitles":["Contacts production contract"],"duration":1,"failing":false,"failureDetails":[],"failureMessages":[],"fullName":"Contacts production contract normalizes all URL-like and email fields and returns classification","invocations":1,"location":null,"numPassingAsserts":2,"retryReasons":[],"startAt":1787636401184,"status":"passed","title":"normalizes all URL-like and email fields and returns classification"},{"ancestorTitles":["Contacts production contract"],"duration":6,"failing":false,"failureDetails":[],"failureMessages":[],"fullName":"Contacts production contract keeps a created contact when non-critical classification fails","invocations":1,"location":null,"numPassingAsserts":1,"retryReasons":[],"startAt":1787636401185,"status":"passed","title":"keeps a created contact when non-critical classification fails"},{"ancestorTitles":["Contacts production contract"],"duration":1,"failing":false,"failureDetails":[],"failureMessages":[],"fullName":"Contacts production contract reclassifies sensitive PATCH and does not reclassify notes PATCH","invocations":1,"location":null,"numPassingAsserts":2,"retryReasons":[],"startAt":1787636401191,"status":"passed","title":"reclassifies sensitive PATCH and does not reclassify notes PATCH"},{"ancestorTitles":["Contacts production contract"],"duration":0,"failing":false,"failureDetails":[],"failureMessages":[],"fullName":"Contacts production contract maps a duplicate phone Prisma error to 409","invocations":1,"location":null,"numPassingAsserts":1,"retryReasons":[],"startAt":1787636401192,"status":"passed","title":"maps a duplicate phone Prisma error to 409"},{"ancestorTitles":["Contacts production contract"],"duration":0,"failing":false,"failureDetails":[],"failureMessages":[],"fullName":"Contacts production contract rejects invalid website","invocations":1,"location":null,"numPassingAsserts":1,"retryReasons":[],"startAt":1787636401193,"status":"passed","title":"rejects invalid website"},{"ancestorTitles":["Contacts production contract"],"duration":1,"failing":false,"failureDetails":[],"failureMessages":[],"fullName":"Contacts production contract rejects invalid website","invocations":1,"location":null,"numPassingAsserts":1,"retryReasons":[],"startAt":1787636401193,"status":"passed","title":"rejects invalid website"},{"ancestorTitles":["Contacts production contract"],"duration":0,"failing":false,"failureDetails":[],"failureMessages":[],"fullName":"Contacts production contract rejects invalid instagram","invocations":1,"location":null,"numPassingAsserts":1,"retryReasons":[],"startAt":1787636401194,"status":"passed","title":"rejects invalid instagram"},{"ancestorTitles":["Contacts production contract"],"duration":1,"failing":false,"failureDetails":[],"failureMessages":[],"fullName":"Contacts production contract rejects invalid bookingUrl","invocations":1,"location":null,"numPassingAsserts":1,"retryReasons":[],"startAt":1787636401194,"status":"passed","title":"rejects invalid bookingUrl"},{"ancestorTitles":["Contacts production contract"],"duration":3,"failing":false,"failureDetails":[],"failureMessages":[],"fullName":"Contacts production contract validates full DTO and turns empty optional strings into null","invocations":1,"location":null,"numPassingAsserts":2,"retryReasons":[],"startAt":1787636401195,"status":"passed","title":"validates full DTO and turns empty optional strings into null"},{"ancestorTitles":["Contacts production contract"],"duration":1,"failing":false,"failureDetails":[],"failureMessages":[],"fullName":"Contacts production contract rejects invalid DTO 0","invocations":1,"location":null,"numPassingAsserts":1,"retryReasons":[],"startAt":1787636401198,"status":"passed","title":"rejects invalid DTO 0"},{"ancestorTitles":["Contacts production contract"],"duration":1,"failing":false,"failureDetails":[],"failureMessages":[],"fullName":"Contacts production contract rejects invalid DTO 1","invocations":1,"location":null,"numPassingAsserts":1,"retryReasons":[],"startAt":1787636401199,"status":"passed","title":"rejects invalid DTO 1"},{"ancestorTitles":["Contacts production contract"],"duration":1,"failing":false,"failureDetails":[],"failureMessages":[],"fullName":"Contacts production contract rejects invalid DTO 2","invocations":1,"location":null,"numPassingAsserts":1,"retryReasons":[],"startAt":1787636401200,"status":"passed","title":"rejects invalid DTO 2"},{"ancestorTitles":["Contacts production contract"],"duration":0,"failing":false,"failureDetails":[],"failureMessages":[],"fullName":"Contacts production contract rejects invalid DTO 3","invocations":1,"location":null,"numPassingAsserts":1,"retryReasons":[],"startAt":1787636401201,"status":"passed","title":"rejects invalid DTO 3"},{"ancestorTitles":["Contacts production contract"],"duration":1,"failing":false,"failureDetails":[],"failureMessages":[],"fullName":"Contacts production contract allows every documented PATCH business field","invocations":1,"location":null,"numPassingAsserts":1,"retryReasons":[],"startAt":1787636401202,"status":"passed","title":"allows every documented PATCH business field"}],"endTime":1787636401204,"message":"","name":"C:\\Users\\Zapis_Prog\\zapis-ai-sales-assistant\\src\\contacts\\contacts.contract.spec.ts","startTime":1787636400927,"status":"passed","summary":""},{"assertionResults":[{"ancestorTitles":["WhatsAppMessagingService acknowledgements"],"duration":1,"failing":false,"failureDetails":[],"failureMessages":[],"fullName":"WhatsAppMessagingService acknowledgements maps ACK 1 monotonically to SENT","invocations":1,"location":null,"numPassingAsserts":1,"retryReasons":[],"startAt":1787636401452,"status":"passed","title":"maps ACK 1 monotonically to SENT"},{"ancestorTitles":["WhatsAppMessagingService acknowledgements"],"duration":0,"failing":false,"failureDetails":[],"failureMessages":[],"fullName":"WhatsAppMessagingService acknowledgements maps ACK 2 monotonically to DELIVERED","invocations":1,"location":null,"numPassingAsserts":1,"retryReasons":[],"startAt":1787636401454,"status":"passed","title":"maps ACK 2 monotonically to DELIVERED"},{"ancestorTitles":["WhatsAppMessagingService acknowledgements"],"duration":1,"failing":false,"failureDetails":[],"failureMessages":[],"fullName":"WhatsAppMessagingService acknowledgements maps ACK 3 monotonically to READ","invocations":1,"location":null,"numPassingAsserts":1,"retryReasons":[],"startAt":1787636401454,"status":"passed","title":"maps ACK 3 monotonically to READ"},{"ancestorTitles":["WhatsAppMessagingService acknowledgements"],"duration":0,"failing":false,"failureDetails":[],"failureMessages":[],"fullName":"WhatsAppMessagingService acknowledgements maps ACK 4 monotonically to READ","invocations":1,"location":null,"numPassingAsserts":1,"retryReasons":[],"startAt":1787636401455,"status":"passed","title":"maps ACK 4 monotonically to READ"},{"ancestorTitles":["WhatsAppMessagingService acknowledgements"],"duration":1,"failing":false,"failureDetails":[],"failureMessages":[],"fullName":"WhatsAppMessagingService acknowledgements maps ACK -1 monotonically to FAILED","invocations":1,"location":null,"numPassingAsserts":1,"retryReasons":[],"startAt":1787636401455,"status":"passed","title":"maps ACK -1 monotonically to FAILED"},{"ancestorTitles":["WhatsAppMessagingService acknowledgements"],"duration":0,"failing":false,"failureDetails":[],"failureMessages":[],"fullName":"WhatsAppMessagingService acknowledgements ignores ACK_PENDING without touching persistence","invocations":1,"location":null,"numPassingAsserts":1,"retryReasons":[],"startAt":1787636401456,"status":"passed","title":"ignores ACK_PENDING without touching persistence"},{"ancestorTitles":["WhatsAppClientService ACK mapping"],"duration":1,"failing":false,"failureDetails":[],"failureMessages":[],"fullName":"WhatsAppClientService ACK mapping maps real whatsapp-web.js ACK -1 to FAILED","invocations":1,"location":null,"numPassingAsserts":1,"retryReasons":[],"startAt":1787636401456,"status":"passed","title":"maps real whatsapp-web.js ACK -1 to FAILED"},{"ancestorTitles":["WhatsAppClientService ACK mapping"],"duration":0,"failing":false,"failureDetails":[],"failureMessages":[],"fullName":"WhatsAppClientService ACK mapping maps real whatsapp-web.js ACK 0 to null","invocations":1,"location":null,"numPassingAsserts":1,"retryReasons":[],"startAt":1787636401457,"status":"passed","title":"maps real whatsapp-web.js ACK 0 to null"},{"ancestorTitles":["WhatsAppClientService ACK mapping"],"duration":0,"failing":false,"failureDetails":[],"failureMessages":[],"fullName":"WhatsAppClientService ACK mapping maps real whatsapp-web.js ACK 1 to SENT","invocations":1,"location":null,"numPassingAsserts":1,"retryReasons":[],"startAt":1787636401457,"status":"passed","title":"maps real whatsapp-web.js ACK 1 to SENT"},{"ancestorTitles":["WhatsAppClientService ACK mapping"],"duration":1,"failing":false,"failureDetails":[],"failureMessages":[],"fullName":"WhatsAppClientService ACK mapping maps real whatsapp-web.js ACK 2 to DELIVERED","invocations":1,"location":null,"numPassingAsserts":1,"retryReasons":[],"startAt":1787636401457,"status":"passed","title":"maps real whatsapp-web.js ACK 2 to DELIVERED"},{"ancestorTitles":["WhatsAppClientService ACK mapping"],"duration":0,"failing":false,"failureDetails":[],"failureMessages":[],"fullName":"WhatsAppClientService ACK mapping maps real whatsapp-web.js ACK 3 to READ","invocations":1,"location":null,"numPassingAsserts":1,"retryReasons":[],"startAt":1787636401458,"status":"passed","title":"maps real whatsapp-web.js ACK 3 to READ"},{"ancestorTitles":["WhatsAppClientService ACK mapping"],"duration":0,"failing":false,"failureDetails":[],"failureMessages":[],"fullName":"WhatsAppClientService ACK mapping maps real whatsapp-web.js ACK 4 to READ","invocations":1,"location":null,"numPassingAsserts":1,"retryReasons":[],"startAt":1787636401458,"status":"passed","title":"maps real whatsapp-web.js ACK 4 to READ"},{"ancestorTitles":["WhatsAppMessagingService late ACK reconciliation"],"duration":0,"failing":false,"failureDetails":[],"failureMessages":[],"fullName":"WhatsAppMessagingService late ACK reconciliation promotes OUTCOME_UNKNOWN on late ACK 1","invocations":1,"location":null,"numPassingAsserts":1,"retryReasons":[],"startAt":1787636401459,"status":"passed","title":"promotes OUTCOME_UNKNOWN on late ACK 1"},{"ancestorTitles":["WhatsAppMessagingService late ACK reconciliation"],"duration":0,"failing":false,"failureDetails":[],"failureMessages":[],"fullName":"WhatsAppMessagingService late ACK reconciliation promotes OUTCOME_UNKNOWN on late ACK 2","invocations":1,"location":null,"numPassingAsserts":1,"retryReasons":[],"startAt":1787636401460,"status":"passed","title":"promotes OUTCOME_UNKNOWN on late ACK 2"},{"ancestorTitles":["WhatsAppMessagingService late ACK reconciliation"],"duration":1,"failing":false,"failureDetails":[],"failureMessages":[],"fullName":"WhatsAppMessagingService late ACK reconciliation promotes OUTCOME_UNKNOWN on late ACK 3","invocations":1,"location":null,"numPassingAsserts":1,"retryReasons":[],"startAt":1787636401460,"status":"passed","title":"promotes OUTCOME_UNKNOWN on late ACK 3"},{"ancestorTitles":["WhatsAppMessagingService outbound idempotency"],"duration":1,"failing":false,"failureDetails":[],"failureMessages":[],"fullName":"WhatsAppMessagingService outbound idempotency calls transport once when provider throws after a possible send","invocations":1,"location":null,"numPassingAsserts":4,"retryReasons":[],"startAt":1787636401461,"status":"passed","title":"calls transport once when provider throws after a possible send"},{"ancestorTitles":["WhatsAppMessagingService outbound idempotency"],"duration":0,"failing":false,"failureDetails":[],"failureMessages":[],"fullName":"WhatsAppMessagingService outbound idempotency does not call the transport again for an already SENT AI message","invocations":1,"location":null,"numPassingAsserts":2,"retryReasons":[],"startAt":1787636401463,"status":"passed","title":"does not call the transport again for an already SENT AI message"}],"endTime":1787636401464,"message":"","name":"C:\\Users\\Zapis_Prog\\zapis-ai-sales-assistant\\src\\whatsapp\\whatsapp-messaging.service.spec.ts","startTime":1787636401209,"status":"passed","summary":""},{"assertionResults":[{"ancestorTitles":["Campaign counters source of truth"],"duration":1,"failing":false,"failureDetails":[],"failureMessages":[],"fullName":"Campaign counters source of truth recomputes selected, processed, replied and terminal outcomes independently","invocations":1,"location":null,"numPassingAsserts":2,"retryReasons":[],"startAt":1787636401721,"status":"passed","title":"recomputes selected, processed, replied and terminal outcomes independently"},{"ancestorTitles":["Campaign counters source of truth"],"duration":0,"failing":false,"failureDetails":[],"failureMessages":[],"fullName":"Campaign counters source of truth auto-completes only when no target is waiting for work or reply","invocations":1,"location":null,"numPassingAsserts":1,"retryReasons":[],"startAt":1787636401723,"status":"passed","title":"auto-completes only when no target is waiting for work or reply"}],"endTime":1787636401724,"message":"","name":"C:\\Users\\Zapis_Prog\\zapis-ai-sales-assistant\\src\\campaigns\\campaigns-counters.spec.ts","startTime":1787636401470,"status":"passed","summary":""},{"assertionResults":[{"ancestorTitles":["WhatsApp inbound pipeline"],"duration":2,"failing":false,"failureDetails":[],"failureMessages":[],"fullName":"WhatsApp inbound pipeline stores a normal known-contact inbound as a CLIENT message","invocations":1,"location":null,"numPassingAsserts":3,"retryReasons":[],"startAt":1787636401955,"status":"passed","title":"stores a normal known-contact inbound as a CLIENT message"},{"ancestorTitles":["WhatsApp inbound pipeline"],"duration":1,"failing":false,"failureDetails":[],"failureMessages":[],"fullName":"WhatsApp inbound pipeline does not duplicate a CLIENT message for a duplicate external event","invocations":1,"location":null,"numPassingAsserts":3,"retryReasons":[],"startAt":1787636401957,"status":"passed","title":"does not duplicate a CLIENT message for a duplicate external event"},{"ancestorTitles":["WhatsApp inbound pipeline"],"duration":0,"failing":false,"failureDetails":[],"failureMessages":[],"fullName":"WhatsApp inbound pipeline reuses the existing Campaign conversation","invocations":1,"location":null,"numPassingAsserts":2,"retryReasons":[],"startAt":1787636401959,"status":"passed","title":"reuses the existing Campaign conversation"},{"ancestorTitles":["WhatsApp inbound pipeline"],"duration":0,"failing":false,"failureDetails":[],"failureMessages":[],"fullName":"WhatsApp inbound pipeline stores inbound in the same QUALIFIED conversation without downgrading it","invocations":1,"location":null,"numPassingAsserts":3,"retryReasons":[],"startAt":1787636401960,"status":"passed","title":"stores inbound in the same QUALIFIED conversation without downgrading it"},{"ancestorTitles":["WhatsApp inbound pipeline"],"duration":1,"failing":false,"failureDetails":[],"failureMessages":[],"fullName":"WhatsApp inbound pipeline stores inbound in the same HANDOFF_REQUIRED conversation without downgrading it","invocations":1,"location":null,"numPassingAsserts":3,"retryReasons":[],"startAt":1787636401960,"status":"passed","title":"stores inbound in the same HANDOFF_REQUIRED conversation without downgrading it"},{"ancestorTitles":["WhatsApp inbound pipeline"],"duration":1,"failing":false,"failureDetails":[],"failureMessages":[],"fullName":"WhatsApp inbound pipeline stores inbound in the same REJECTED conversation without downgrading it","invocations":1,"location":null,"numPassingAsserts":3,"retryReasons":[],"startAt":1787636401961,"status":"passed","title":"stores inbound in the same REJECTED conversation without downgrading it"},{"ancestorTitles":["WhatsApp inbound pipeline"],"duration":0,"failing":false,"failureDetails":[],"failureMessages":[],"fullName":"WhatsApp inbound pipeline stores inbound in the same CLOSED conversation without downgrading it","invocations":1,"location":null,"numPassingAsserts":3,"retryReasons":[],"startAt":1787636401962,"status":"passed","title":"stores inbound in the same CLOSED conversation without downgrading it"},{"ancestorTitles":["WhatsApp inbound pipeline"],"duration":0,"failing":false,"failureDetails":[],"failureMessages":[],"fullName":"WhatsApp inbound pipeline ignores own outbound messages","invocations":1,"location":null,"numPassingAsserts":1,"retryReasons":[],"startAt":1787636401963,"status":"passed","title":"ignores own outbound messages"},{"ancestorTitles":["WhatsApp inbound pipeline"],"duration":1,"failing":false,"failureDetails":[],"failureMessages":[],"fullName":"WhatsApp inbound pipeline documents self-chat as ignored while accepting a real @lid sender","invocations":1,"location":null,"numPassingAsserts":2,"retryReasons":[],"startAt":1787636401963,"status":"passed","title":"documents self-chat as ignored while accepting a real @lid sender"},{"ancestorTitles":["WhatsApp inbound pipeline"],"duration":1,"failing":false,"failureDetails":[],"failureMessages":[],"fullName":"WhatsApp inbound pipeline @lid with a valid serialized ID is stored with the provider ID","invocations":1,"location":null,"numPassingAsserts":2,"retryReasons":[],"startAt":1787636401964,"status":"passed","title":"@lid with a valid serialized ID is stored with the provider ID"},{"ancestorTitles":["WhatsApp inbound pipeline"],"duration":1,"failing":false,"failureDetails":[],"failureMessages":[],"fullName":"WhatsApp inbound pipeline resolves @lid through the linked provider c.us identity","invocations":1,"location":null,"numPassingAsserts":2,"retryReasons":[],"startAt":1787636401965,"status":"passed","title":"resolves @lid through the linked provider c.us identity"},{"ancestorTitles":["WhatsApp inbound pipeline"],"duration":0,"failing":false,"failureDetails":[],"failureMessages":[],"fullName":"WhatsApp inbound pipeline never treats Contact.number containing a LID as a phone","invocations":1,"location":null,"numPassingAsserts":1,"retryReasons":[],"startAt":1787636401966,"status":"passed","title":"never treats Contact.number containing a LID as a phone"},{"ancestorTitles":["WhatsApp inbound pipeline"],"duration":0,"failing":false,"failureDetails":[],"failureMessages":[],"fullName":"WhatsApp inbound pipeline builds a stable provider identity when _serialized is missing","invocations":1,"location":null,"numPassingAsserts":1,"retryReasons":[],"startAt":1787636401967,"status":"passed","title":"builds a stable provider identity when _serialized is missing"},{"ancestorTitles":["WhatsApp inbound pipeline"],"duration":1,"failing":false,"failureDetails":[],"failureMessages":[],"fullName":"WhatsApp inbound pipeline uses a deterministic fallback and does not silently lose an ID-less event","invocations":1,"location":null,"numPassingAsserts":4,"retryReasons":[],"startAt":1787636401967,"status":"passed","title":"uses a deterministic fallback and does not silently lose an ID-less event"}],"endTime":1787636401969,"message":"","name":"C:\\Users\\Zapis_Prog\\zapis-ai-sales-assistant\\src\\whatsapp\\whatsapp-inbound.service.spec.ts","startTime":1787636401729,"status":"passed","summary":""},{"assertionResults":[{"ancestorTitles":["ImportsService 2GIS normalization"],"duration":1,"failing":false,"failureDetails":[],"failureMessages":[],"fullName":"ImportsService 2GIS normalization normalizes the real 2GIS row Aq Saqal","invocations":1,"location":null,"numPassingAsserts":1,"retryReasons":[],"startAt":1787636402161,"status":"passed","title":"normalizes the real 2GIS row Aq Saqal"},{"ancestorTitles":["ImportsService 2GIS normalization"],"duration":1,"failing":false,"failureDetails":[],"failureMessages":[],"fullName":"ImportsService 2GIS normalization normalizes the real 2GIS row Barbershop DOSS","invocations":1,"location":null,"numPassingAsserts":1,"retryReasons":[],"startAt":1787636402162,"status":"passed","title":"normalizes the real 2GIS row Barbershop DOSS"},{"ancestorTitles":["ImportsService 2GIS normalization"],"duration":0,"failing":false,"failureDetails":[],"failureMessages":[],"fullName":"ImportsService 2GIS normalization normalizes the real 2GIS row Chistobarber","invocations":1,"location":null,"numPassingAsserts":1,"retryReasons":[],"startAt":1787636402163,"status":"passed","title":"normalizes the real 2GIS row Chistobarber"},{"ancestorTitles":["ImportsService 2GIS normalization"],"duration":0,"failing":false,"failureDetails":[],"failureMessages":[],"fullName":"ImportsService 2GIS normalization selects the first valid phone and retains the rest as metadata","invocations":1,"location":null,"numPassingAsserts":1,"retryReasons":[],"startAt":1787636402164,"status":"passed","title":"selects the first valid phone and retains the rest as metadata"},{"ancestorTitles":["ImportsService 2GIS normalization"],"duration":0,"failing":false,"failureDetails":[],"failureMessages":[],"fullName":"ImportsService 2GIS normalization does not require website or WhatsApp when a phone is valid","invocations":1,"location":null,"numPassingAsserts":1,"retryReasons":[],"startAt":1787636402164,"status":"passed","title":"does not require website or WhatsApp when a phone is valid"}],"endTime":1787636402165,"message":"","name":"C:\\Users\\Zapis_Prog\\zapis-ai-sales-assistant\\src\\imports\\imports-normalization.spec.ts","startTime":1787636401984,"status":"passed","summary":""},{"assertionResults":[{"ancestorTitles":["CampaignsService preflight"],"duration":2,"failing":false,"failureDetails":[],"failureMessages":[],"fullName":"CampaignsService preflight reports structured blockers without changing campaign state","invocations":1,"location":null,"numPassingAsserts":4,"retryReasons":[],"startAt":1787636402419,"status":"passed","title":"reports structured blockers without changing campaign state"},{"ancestorTitles":["CampaignsService preflight"],"duration":1,"failing":false,"failureDetails":[],"failureMessages":[],"fullName":"CampaignsService preflight atomically claims a ready campaign on start","invocations":1,"location":null,"numPassingAsserts":2,"retryReasons":[],"startAt":1787636402422,"status":"passed","title":"atomically claims a ready campaign on start"}],"endTime":1787636402433,"message":"","name":"C:\\Users\\Zapis_Prog\\zapis-ai-sales-assistant\\src\\campaigns\\campaigns-preflight.spec.ts","startTime":1787636402172,"status":"passed","summary":""},{"assertionResults":[{"ancestorTitles":["AppController","root"],"duration":8,"failing":false,"failureDetails":[],"failureMessages":[],"fullName":"AppController root should return \"Hello World!\"","invocations":1,"location":null,"numPassingAsserts":1,"retryReasons":[],"startAt":1787636402629,"status":"passed","title":"should return \"Hello World!\""}],"endTime":1787636402638,"message":"","name":"C:\\Users\\Zapis_Prog\\zapis-ai-sales-assistant\\src\\app.controller.spec.ts","startTime":1787636402439,"status":"passed","summary":""},{"assertionResults":[{"ancestorTitles":["TelegramBotService delivery retries"],"duration":3,"failing":false,"failureDetails":[],"failureMessages":[],"fullName":"TelegramBotService delivery retries retries Telegram 5xx with backoff and reports provider attempts","invocations":1,"location":null,"numPassingAsserts":2,"retryReasons":[],"startAt":1787636402723,"status":"passed","title":"retries Telegram 5xx with backoff and reports provider attempts"},{"ancestorTitles":["TelegramBotService delivery retries"],"duration":2,"failing":false,"failureDetails":[],"failureMessages":[],"fullName":"TelegramBotService delivery retries retries a transient network error with exponential backoff","invocations":1,"location":null,"numPassingAsserts":2,"retryReasons":[],"startAt":1787636402726,"status":"passed","title":"retries a transient network error with exponential backoff"},{"ancestorTitles":["TelegramBotService delivery retries"],"duration":1,"failing":false,"failureDetails":[],"failureMessages":[],"fullName":"TelegramBotService delivery retries respects Telegram 429 retry_after","invocations":1,"location":null,"numPassingAsserts":2,"retryReasons":[],"startAt":1787636402728,"status":"passed","title":"respects Telegram 429 retry_after"},{"ancestorTitles":["TelegramBotService delivery retries"],"duration":1,"failing":false,"failureDetails":[],"failureMessages":[],"fullName":"TelegramBotService delivery retries does not retry a permanent Telegram 4xx","invocations":1,"location":null,"numPassingAsserts":2,"retryReasons":[],"startAt":1787636402729,"status":"passed","title":"does not retry a permanent Telegram 4xx"}],"endTime":1787636402730,"message":"","name":"C:\\Users\\Zapis_Prog\\zapis-ai-sales-assistant\\src\\telegram\\telegram-bot.service.spec.ts","startTime":1787636402643,"status":"passed","summary":""},{"assertionResults":[{"ancestorTitles":["TelegramNotificationsService"],"duration":2,"failing":false,"failureDetails":[],"failureMessages":[],"fullName":"TelegramNotificationsService creates exactly one QUALIFIED notification and deduplicates a repeated trigger","invocations":1,"location":null,"numPassingAsserts":3,"retryReasons":[],"startAt":1787636402825,"status":"passed","title":"creates exactly one QUALIFIED notification and deduplicates a repeated trigger"},{"ancestorTitles":["TelegramNotificationsService"],"duration":1,"failing":false,"failureDetails":[],"failureMessages":[],"fullName":"TelegramNotificationsService does not send WhatsApp transport failures to manager recipients","invocations":1,"location":null,"numPassingAsserts":3,"retryReasons":[],"startAt":1787636402827,"status":"passed","title":"does not send WhatsApp transport failures to manager recipients"},{"ancestorTitles":["TelegramNotificationsService"],"duration":0,"failing":false,"failureDetails":[],"failureMessages":[],"fullName":"TelegramNotificationsService prioritizes one HANDOFF notification for a qualified handoff","invocations":1,"location":null,"numPassingAsserts":2,"retryReasons":[],"startAt":1787636402828,"status":"passed","title":"prioritizes one HANDOFF notification for a qualified handoff"},{"ancestorTitles":["TelegramNotificationsService"],"duration":0,"failing":false,"failureDetails":[],"failureMessages":[],"fullName":"TelegramNotificationsService contains Telegram timeout/network failure and records attempts","invocations":1,"location":null,"numPassingAsserts":2,"retryReasons":[],"startAt":1787636402829,"status":"passed","title":"contains Telegram timeout/network failure and records attempts"},{"ancestorTitles":["TelegramNotificationsService"],"duration":0,"failing":false,"failureDetails":[],"failureMessages":[],"fullName":"TelegramNotificationsService returns an explicit diagnostic when recipient is disabled or absent","invocations":1,"location":null,"numPassingAsserts":1,"retryReasons":[],"startAt":1787636402830,"status":"passed","title":"returns an explicit diagnostic when recipient is disabled or absent"},{"ancestorTitles":["TelegramNotificationsService"],"duration":1,"failing":false,"failureDetails":[],"failureMessages":[],"fullName":"TelegramNotificationsService records SENT, sentAt and provider attempts after successful send","invocations":1,"location":null,"numPassingAsserts":1,"retryReasons":[],"startAt":1787636402830,"status":"passed","title":"records SENT, sentAt and provider attempts after successful send"},{"ancestorTitles":["TelegramNotificationsService"],"duration":0,"failing":false,"failureDetails":[],"failureMessages":[],"fullName":"TelegramNotificationsService contains enrichment database failure without rejecting the business flow","invocations":1,"location":null,"numPassingAsserts":1,"retryReasons":[],"startAt":1787636402831,"status":"passed","title":"contains enrichment database failure without rejecting the business flow"}],"endTime":1787636402832,"message":"","name":"C:\\Users\\Zapis_Prog\\zapis-ai-sales-assistant\\src\\telegram\\telegram-notifications.service.spec.ts","startTime":1787636402735,"status":"passed","summary":""},{"assertionResults":[{"ancestorTitles":["WhatsAppConfigService browser launch config"],"duration":2,"failing":false,"failureDetails":[],"failureMessages":[],"fullName":"WhatsAppConfigService browser launch config builds the default Puppeteer launch config without random flags","invocations":1,"location":null,"numPassingAsserts":1,"retryReasons":[],"startAt":1787636402925,"status":"passed","title":"builds the default Puppeteer launch config without random flags"},{"ancestorTitles":["WhatsAppConfigService browser launch config"],"duration":1,"failing":false,"failureDetails":[],"failureMessages":[],"fullName":"WhatsAppConfigService browser launch config uses an existing absolute executablePath from the environment","invocations":1,"location":null,"numPassingAsserts":1,"retryReasons":[],"startAt":1787636402927,"status":"passed","title":"uses an existing absolute executablePath from the environment"},{"ancestorTitles":["WhatsAppConfigService browser launch config"],"duration":5,"failing":false,"failureDetails":[],"failureMessages":[],"fullName":"WhatsAppConfigService browser launch config rejects a relative executablePath","invocations":1,"location":null,"numPassingAsserts":1,"retryReasons":[],"startAt":1787636402929,"status":"passed","title":"rejects a relative executablePath"},{"ancestorTitles":["WhatsAppConfigService browser launch config"],"duration":2,"failing":false,"failureDetails":[],"failureMessages":[],"fullName":"WhatsAppConfigService browser launch config rejects a missing executablePath","invocations":1,"location":null,"numPassingAsserts":1,"retryReasons":[],"startAt":1787636402934,"status":"passed","title":"rejects a missing executablePath"}],"endTime":1787636402936,"message":"","name":"C:\\Users\\Zapis_Prog\\zapis-ai-sales-assistant\\src\\whatsapp\\whatsapp-config.service.spec.ts","startTime":1787636402844,"status":"passed","summary":""},{"assertionResults":[{"ancestorTitles":["detectColumnMapping"],"duration":13,"failing":false,"failureDetails":[],"failureMessages":[],"fullName":"detectColumnMapping detects a production 2GIS export without confusing phone and WhatsApp","invocations":1,"location":null,"numPassingAsserts":1,"retryReasons":[],"startAt":1787636402966,"status":"passed","title":"detects a production 2GIS export without confusing phone and WhatsApp"},{"ancestorTitles":["detectColumnMapping"],"duration":8,"failing":false,"failureDetails":[],"failureMessages":[],"fullName":"detectColumnMapping keeps the legacy Excel aliases compatible","invocations":1,"location":null,"numPassingAsserts":1,"retryReasons":[],"startAt":1787636402980,"status":"passed","title":"keeps the legacy Excel aliases compatible"},{"ancestorTitles":["detectColumnMapping"],"duration":11,"failing":false,"failureDetails":[],"failureMessages":[],"fullName":"detectColumnMapping normalizes case, spaces, ё, underscores and numeric suffixes","invocations":1,"location":null,"numPassingAsserts":1,"retryReasons":[],"startAt":1787636402988,"status":"passed","title":"normalizes case, spaces, ё, underscores and numeric suffixes"}],"endTime":1787636403000,"message":"","name":"C:\\Users\\Zapis_Prog\\zapis-ai-sales-assistant\\src\\imports\\utils\\column-mapping.util.spec.ts","startTime":1787636402941,"status":"passed","summary":""},{"assertionResults":[{"ancestorTitles":["classification production matrix"],"duration":0,"failing":false,"failureDetails":[],"failureMessages":[],"fullName":"classification production matrix detects Барбершопы","invocations":1,"location":null,"numPassingAsserts":1,"retryReasons":[],"startAt":1787636403033,"status":"passed","title":"detects Барбершопы"},{"ancestorTitles":["classification production matrix"],"duration":0,"failing":false,"failureDetails":[],"failureMessages":[],"fullName":"classification production matrix detects Салоны красоты","invocations":1,"location":null,"numPassingAsserts":1,"retryReasons":[],"startAt":1787636403034,"status":"passed","title":"detects Салоны красоты"},{"ancestorTitles":["classification production matrix"],"duration":0,"failing":false,"failureDetails":[],"failureMessages":[],"fullName":"classification production matrix detects Ногтевые студии","invocations":1,"location":null,"numPassingAsserts":1,"retryReasons":[],"startAt":1787636403035,"status":"passed","title":"detects Ногтевые студии"},{"ancestorTitles":["classification production matrix"],"duration":0,"failing":false,"failureDetails":[],"failureMessages":[],"fullName":"classification production matrix detects Косметология","invocations":1,"location":null,"numPassingAsserts":1,"retryReasons":[],"startAt":1787636403035,"status":"passed","title":"detects Косметология"},{"ancestorTitles":["classification production matrix"],"duration":1,"failing":false,"failureDetails":[],"failureMessages":[],"fullName":"classification production matrix detects СПА","invocations":1,"location":null,"numPassingAsserts":1,"retryReasons":[],"startAt":1787636403035,"status":"passed","title":"detects СПА"},{"ancestorTitles":["classification production matrix"],"duration":0,"failing":false,"failureDetails":[],"failureMessages":[],"fullName":"classification production matrix detects Стоматология","invocations":1,"location":null,"numPassingAsserts":1,"retryReasons":[],"startAt":1787636403036,"status":"passed","title":"detects Стоматология"},{"ancestorTitles":["classification production matrix"],"duration":0,"failing":false,"failureDetails":[],"failureMessages":[],"fullName":"classification production matrix detects Медицинские центры","invocations":1,"location":null,"numPassingAsserts":1,"retryReasons":[],"startAt":1787636403036,"status":"passed","title":"detects Медицинские центры"},{"ancestorTitles":["classification production matrix"],"duration":0,"failing":false,"failureDetails":[],"failureMessages":[],"fullName":"classification production matrix detects Сұлулық салоны","invocations":1,"location":null,"numPassingAsserts":1,"retryReasons":[],"startAt":1787636403037,"status":"passed","title":"detects Сұлулық салоны"},{"ancestorTitles":["classification production matrix"],"duration":0,"failing":false,"failureDetails":[],"failureMessages":[],"fullName":"classification production matrix detects Barbershops; Nail studio","invocations":1,"location":null,"numPassingAsserts":1,"retryReasons":[],"startAt":1787636403037,"status":"passed","title":"detects Barbershops; Nail studio"},{"ancestorTitles":["classification production matrix"],"duration":0,"failing":false,"failureDetails":[],"failureMessages":[],"fullName":"classification production matrix detects CRM zapis.kz","invocations":1,"location":null,"numPassingAsserts":1,"retryReasons":[],"startAt":1787636403037,"status":"passed","title":"detects CRM zapis.kz"},{"ancestorTitles":["classification production matrix"],"duration":0,"failing":false,"failureDetails":[],"failureMessages":[],"fullName":"classification production matrix detects CRM alteg.io","invocations":1,"location":null,"numPassingAsserts":1,"retryReasons":[],"startAt":1787636403038,"status":"passed","title":"detects CRM alteg.io"},{"ancestorTitles":["classification production matrix"],"duration":0,"failing":false,"failureDetails":[],"failureMessages":[],"fullName":"classification production matrix detects CRM yclients.com","invocations":1,"location":null,"numPassingAsserts":1,"retryReasons":[],"startAt":1787636403038,"status":"passed","title":"detects CRM yclients.com"},{"ancestorTitles":["classification production matrix"],"duration":0,"failing":false,"failureDetails":[],"failureMessages":[],"fullName":"classification production matrix detects CRM dikidi.online","invocations":1,"location":null,"numPassingAsserts":1,"retryReasons":[],"startAt":1787636403038,"status":"passed","title":"detects CRM dikidi.online"},{"ancestorTitles":["classification production matrix"],"duration":0,"failing":false,"failureDetails":[],"failureMessages":[],"fullName":"classification production matrix detects CRM booksy.com","invocations":1,"location":null,"numPassingAsserts":1,"retryReasons":[],"startAt":1787636403039,"status":"passed","title":"detects CRM booksy.com"},{"ancestorTitles":["classification production matrix"],"duration":0,"failing":false,"failureDetails":[],"failureMessages":[],"fullName":"classification production matrix detects CRM fresha.com","invocations":1,"location":null,"numPassingAsserts":1,"retryReasons":[],"startAt":1787636403039,"status":"passed","title":"detects CRM fresha.com"},{"ancestorTitles":["classification production matrix"],"duration":1,"failing":false,"failureDetails":[],"failureMessages":[],"fullName":"classification production matrix detects CRM easyweek.io","invocations":1,"location":null,"numPassingAsserts":1,"retryReasons":[],"startAt":1787636403039,"status":"passed","title":"detects CRM easyweek.io"},{"ancestorTitles":["classification production matrix"],"duration":3,"failing":false,"failureDetails":[],"failureMessages":[],"fullName":"classification production matrix only returns codes from the system registry","invocations":1,"location":null,"numPassingAsserts":81,"retryReasons":[],"startAt":1787636403040,"status":"passed","title":"only returns codes from the system registry"},{"ancestorTitles":["classification production matrix"],"duration":0,"failing":false,"failureDetails":[],"failureMessages":[],"fullName":"classification production matrix always skips an existing Zapis client","invocations":1,"location":null,"numPassingAsserts":1,"retryReasons":[],"startAt":1787636403043,"status":"passed","title":"always skips an existing Zapis client"}],"endTime":1787636403044,"message":"","name":"C:\\Users\\Zapis_Prog\\zapis-ai-sales-assistant\\src\\classification\\utils\\classification.util.spec.ts","startTime":1787636403005,"status":"passed","summary":""},{"assertionResults":[{"ancestorTitles":["campaignWindow"],"duration":2,"failing":false,"failureDetails":[],"failureMessages":[],"fullName":"campaignWindow defers before daytime start","invocations":1,"location":null,"numPassingAsserts":1,"retryReasons":[],"startAt":1787636403075,"status":"passed","title":"defers before daytime start"},{"ancestorTitles":["campaignWindow"],"duration":1,"failing":false,"failureDetails":[],"failureMessages":[],"fullName":"campaignWindow accepts inside daytime window","invocations":1,"location":null,"numPassingAsserts":1,"retryReasons":[],"startAt":1787636403077,"status":"passed","title":"accepts inside daytime window"},{"ancestorTitles":["campaignWindow"],"duration":1,"failing":false,"failureDetails":[],"failureMessages":[],"fullName":"campaignWindow defers after daytime end to tomorrow","invocations":1,"location":null,"numPassingAsserts":1,"retryReasons":[],"startAt":1787636403079,"status":"passed","title":"defers after daytime end to tomorrow"},{"ancestorTitles":["campaignWindow"],"duration":2,"failing":false,"failureDetails":[],"failureMessages":[],"fullName":"campaignWindow accepts overnight before midnight","invocations":1,"location":null,"numPassingAsserts":1,"retryReasons":[],"startAt":1787636403080,"status":"passed","title":"accepts overnight before midnight"},{"ancestorTitles":["campaignWindow"],"duration":1,"failing":false,"failureDetails":[],"failureMessages":[],"fullName":"campaignWindow accepts overnight after midnight","invocations":1,"location":null,"numPassingAsserts":1,"retryReasons":[],"startAt":1787636403082,"status":"passed","title":"accepts overnight after midnight"},{"ancestorTitles":["campaignWindow"],"duration":1,"failing":false,"failureDetails":[],"failureMessages":[],"fullName":"campaignWindow defers outside overnight window","invocations":1,"location":null,"numPassingAsserts":1,"retryReasons":[],"startAt":1787636403084,"status":"passed","title":"defers outside overnight window"}],"endTime":1787636403086,"message":"","name":"C:\\Users\\Zapis_Prog\\zapis-ai-sales-assistant\\src\\automation\\campaign-time.util.spec.ts","startTime":1787636403049,"status":"passed","summary":""},{"assertionResults":[{"ancestorTitles":["Kazakhstan phone normalization"],"duration":1,"failing":false,"failureDetails":[],"failureMessages":[],"fullName":"Kazakhstan phone normalization normalizes 87051755565","invocations":1,"location":null,"numPassingAsserts":1,"retryReasons":[],"startAt":1787636403117,"status":"passed","title":"normalizes 87051755565"},{"ancestorTitles":["Kazakhstan phone normalization"],"duration":0,"failing":false,"failureDetails":[],"failureMessages":[],"fullName":"Kazakhstan phone normalization normalizes 77051755565","invocations":1,"location":null,"numPassingAsserts":1,"retryReasons":[],"startAt":1787636403118,"status":"passed","title":"normalizes 77051755565"},{"ancestorTitles":["Kazakhstan phone normalization"],"duration":0,"failing":false,"failureDetails":[],"failureMessages":[],"fullName":"Kazakhstan phone normalization normalizes +77051755565","invocations":1,"location":null,"numPassingAsserts":1,"retryReasons":[],"startAt":1787636403119,"status":"passed","title":"normalizes +77051755565"},{"ancestorTitles":["Kazakhstan phone normalization"],"duration":0,"failing":false,"failureDetails":[],"failureMessages":[],"fullName":"Kazakhstan phone normalization normalizes 8 705 175 55 65","invocations":1,"location":null,"numPassingAsserts":1,"retryReasons":[],"startAt":1787636403119,"status":"passed","title":"normalizes 8 705 175 55 65"},{"ancestorTitles":["Kazakhstan phone normalization"],"duration":0,"failing":false,"failureDetails":[],"failureMessages":[],"fullName":"Kazakhstan phone normalization normalizes +7 (705) 175-55-65","invocations":1,"location":null,"numPassingAsserts":1,"retryReasons":[],"startAt":1787636403119,"status":"passed","title":"normalizes +7 (705) 175-55-65"},{"ancestorTitles":["Kazakhstan phone normalization"],"duration":0,"failing":false,"failureDetails":[],"failureMessages":[],"fullName":"Kazakhstan phone normalization normalizes 87764488847 (администратор)","invocations":1,"location":null,"numPassingAsserts":1,"retryReasons":[],"startAt":1787636403120,"status":"passed","title":"normalizes 87764488847 (администратор)"},{"ancestorTitles":["Kazakhstan phone normalization"],"duration":0,"failing":false,"failureDetails":[],"failureMessages":[],"fullName":"Kazakhstan phone normalization extracts WhatsApp URL https://wa.me/77051755565","invocations":1,"location":null,"numPassingAsserts":1,"retryReasons":[],"startAt":1787636403120,"status":"passed","title":"extracts WhatsApp URL https://wa.me/77051755565"},{"ancestorTitles":["Kazakhstan phone normalization"],"duration":0,"failing":false,"failureDetails":[],"failureMessages":[],"fullName":"Kazakhstan phone normalization extracts WhatsApp URL http://wa.me/77051755565","invocations":1,"location":null,"numPassingAsserts":1,"retryReasons":[],"startAt":1787636403121,"status":"passed","title":"extracts WhatsApp URL http://wa.me/77051755565"},{"ancestorTitles":["Kazakhstan phone normalization"],"duration":0,"failing":false,"failureDetails":[],"failureMessages":[],"fullName":"Kazakhstan phone normalization extracts WhatsApp URL https://api.whatsapp.com/send?phone=77051755565","invocations":1,"location":null,"numPassingAsserts":1,"retryReasons":[],"startAt":1787636403121,"status":"passed","title":"extracts WhatsApp URL https://api.whatsapp.com/send?phone=77051755565"}],"endTime":1787636403122,"message":"","name":"C:\\Users\\Zapis_Prog\\zapis-ai-sales-assistant\\src\\common\\utils\\phone.util.spec.ts","startTime":1787636403091,"status":"passed","summary":""}],"wasInterrupted":false}
